0 info it worked if it ends with ok
1 verbose cli [ '/usr/bin/nodejs', '/usr/bin/npm', 'publish' ]
2 info using npm@3.5.2
3 info using node@v4.2.6
4 verbose publish [ '.' ]
5 silly cache add args [ '.', null ]
6 verbose cache add spec .
7 silly cache add parsed spec Result {
7 silly cache add   raw: '.',
7 silly cache add   scope: null,
7 silly cache add   name: null,
7 silly cache add   rawSpec: '.',
7 silly cache add   spec: '/home/diego/github/DSI/ull-shape-square-alberto-diego',
7 silly cache add   type: 'directory' }
8 verbose addLocalDirectory /home/diego/.npm/ull-shape-rectangle-alberto-diego/1.0.0/package.tgz not in flight; packing
9 info lifecycle ull-shape-rectangle-alberto-diego@1.0.0~prepublish: ull-shape-rectangle-alberto-diego@1.0.0
10 silly lifecycle ull-shape-rectangle-alberto-diego@1.0.0~prepublish: no script for prepublish, continuing
11 verbose tar pack [ '/home/diego/.npm/ull-shape-rectangle-alberto-diego/1.0.0/package.tgz',
11 verbose tar pack   '/home/diego/github/DSI/ull-shape-square-alberto-diego' ]
12 verbose tarball /home/diego/.npm/ull-shape-rectangle-alberto-diego/1.0.0/package.tgz
13 verbose folder /home/diego/github/DSI/ull-shape-square-alberto-diego
14 verbose addLocalTarball adding from inside cache /home/diego/.npm/ull-shape-rectangle-alberto-diego/1.0.0/package.tgz
15 silly cache afterAdd ull-shape-rectangle-alberto-diego@1.0.0
16 verbose afterAdd /home/diego/.npm/ull-shape-rectangle-alberto-diego/1.0.0/package/package.json not in flight; writing
17 verbose afterAdd /home/diego/.npm/ull-shape-rectangle-alberto-diego/1.0.0/package/package.json written
18 silly publish { name: 'ull-shape-rectangle-alberto-diego',
18 silly publish   version: '1.0.0',
18 silly publish   description: 'Clase Square que hereda de la clase Shape',
18 silly publish   main: 'index.js',
18 silly publish   scripts: { test: 'echo "Error: no test specified" && exit 1' },
18 silly publish   author: '',
18 silly publish   license: 'ISC',
18 silly publish   dependencies:
18 silly publish    { mocha: '^3.2.0',
18 silly publish      should: '^11.2.1',
18 silly publish      'ull-shape-alberto-diego': '^1.0.0' },
18 silly publish   contributors:
18 silly publish    [ { name: 'Alberto',
18 silly publish        email: 'alu0100825510@ull.edu.es',
18 silly publish        url: 'https://github.com/alu0100825510' } ],
18 silly publish   readme: '# SQUARE\n\nEste paquete contiene la clase Square, que hereda de la clase Shape. El procedimiento de uso es similar al siguiente:\n\n```\nnpm install ull-shape-Square-alberto-diego\n\nvar Square = require(\'ull-shape-Square-alberto-diego\');\nvar figura = new Square({ width: 100, height: 100 });\n```\n\n[Enlace a la documentación](index.md)\n',
18 silly publish   readmeFilename: 'README.md',
18 silly publish   gitHead: 'd67a37ca2b73b61a8ca726add32df2dae67a8f8d',
18 silly publish   _id: 'ull-shape-rectangle-alberto-diego@1.0.0',
18 silly publish   _shasum: 'ca6d4ca725c63905f2d913c04c8c430aca41d917',
18 silly publish   _from: '.' }
19 verbose getPublishConfig undefined
20 silly mapToRegistry name ull-shape-rectangle-alberto-diego
21 silly mapToRegistry using default registry
22 silly mapToRegistry registry https://registry.npmjs.org/
23 silly mapToRegistry uri https://registry.npmjs.org/ull-shape-rectangle-alberto-diego
24 verbose publish registryBase https://registry.npmjs.org/
25 silly publish uploading /home/diego/.npm/ull-shape-rectangle-alberto-diego/1.0.0/package.tgz
26 verbose request uri https://registry.npmjs.org/ull-shape-rectangle-alberto-diego
27 verbose request sending authorization for write operation
28 info attempt registry request try #1 at 11:57:02
29 verbose request using bearer token for auth
30 verbose request id 43051c23330ccc96
31 http request PUT https://registry.npmjs.org/ull-shape-rectangle-alberto-diego
32 http 403 https://registry.npmjs.org/ull-shape-rectangle-alberto-diego
33 verbose headers { 'content-type': 'application/json',
33 verbose headers   'cache-control': 'max-age=300',
33 verbose headers   'content-length': '127',
33 verbose headers   'accept-ranges': 'bytes',
33 verbose headers   date: 'Thu, 20 Apr 2017 10:57:03 GMT',
33 verbose headers   via: '1.1 varnish',
33 verbose headers   connection: 'keep-alive',
33 verbose headers   'x-served-by': 'cache-mad9432-MAD',
33 verbose headers   'x-cache': 'MISS',
33 verbose headers   'x-cache-hits': '0',
33 verbose headers   'x-timer': 'S1492685823.644102,VS0,VE717',
33 verbose headers   vary: 'Accept-Encoding' }
34 verbose request invalidating /home/diego/.npm/registry.npmjs.org/ull-shape-rectangle-alberto-diego on PUT
35 error publish Failed PUT 403
36 verbose stack Error: you do not have permission to publish "ull-shape-rectangle-alberto-diego". Are you logged in as the correct user? : ull-shape-rectangle-alberto-diego
36 verbose stack     at makeError (/usr/share/npm/node_modules/npm-registry-client/lib/request.js:264:12)
36 verbose stack     at CachingRegistryClient.<anonymous> (/usr/share/npm/node_modules/npm-registry-client/lib/request.js:252:14)
36 verbose stack     at Request._callback (/usr/share/npm/node_modules/npm-registry-client/lib/request.js:172:14)
36 verbose stack     at Request.self.callback (/usr/share/npm/node_modules/request/request.js:198:22)
36 verbose stack     at emitTwo (events.js:87:13)
36 verbose stack     at Request.emit (events.js:172:7)
36 verbose stack     at Request.<anonymous> (/usr/share/npm/node_modules/request/request.js:1082:10)
36 verbose stack     at emitOne (events.js:82:20)
36 verbose stack     at Request.emit (events.js:169:7)
36 verbose stack     at IncomingMessage.<anonymous> (/usr/share/npm/node_modules/request/request.js:1009:12)
37 verbose statusCode 403
38 verbose pkgid ull-shape-rectangle-alberto-diego
39 verbose cwd /home/diego/github/DSI/ull-shape-square-alberto-diego
40 error Linux 4.8.0-46-generic
41 error argv "/usr/bin/nodejs" "/usr/bin/npm" "publish"
42 error node v4.2.6
43 error npm  v3.5.2
44 error code E403
45 error you do not have permission to publish "ull-shape-rectangle-alberto-diego". Are you logged in as the correct user? : ull-shape-rectangle-alberto-diego
46 error If you need help, you may report this error at:
46 error     <https://github.com/npm/npm/issues>
47 verbose exit [ 1, true ]
